<?xml version="1.0" encoding="UTF-8"?>
<!-- Generated by org.testng.reporters.JUnitXMLReporter -->
<testsuite hostname="DESKTOP-RV3ITU9" ignored="0" name="Default test" tests="6" failures="0" timestamp="12 Sep 2019 21:57:37 GMT" time="2.927" errors="0">
  <testcase name="@BeforeMethod setup" time="2.828" classname="com.ecomm.qa.testcases.HomePageTest">
    <failure type="org.openqa.selenium.SessionNotCreatedException" message="session not created: This version of ChromeDriver only supports Chrome version 75
Build info: version: &amp;apos;3.141.59&amp;apos;, revision: &amp;apos;e82be7d358&amp;apos;, time: &amp;apos;2018-11-14T08:17:03&amp;apos;
System info: host: &amp;apos;DESKTOP-RV3ITU9&amp;apos;, ip: &amp;apos;192.168.1.94&amp;apos;, os.name: &amp;apos;Windows 10&amp;apos;, os.arch: &amp;apos;amd64&amp;apos;, os.version: &amp;apos;10.0&amp;apos;, java.version: &amp;apos;1.8.0_201&amp;apos;
Driver info: driver.version: ChromeDriver
remote stacktrace: Backtrace:
	Ordinal0 [0x00C71B43+1448771]
	Ordinal0 [0x00BF5A31+940593]
	Ordinal0 [0x00B82293+467603]
	Ordinal0 [0x00B1F27E+62078]
	Ordinal0 [0x00B1BBBD+48061]
	Ordinal0 [0x00B38D09+167177]
	Ordinal0 [0x00B388DD+166109]
	Ordinal0 [0x00B36FEB+159723]
	Ordinal0 [0x00B209F6+68086]
	Ordinal0 [0x00B21990+72080]
	Ordinal0 [0x00B21929+71977]
	GetHandleVerifier [0x00DB2E8C+1172172]
	GetHandleVerifier [0x00D0FE55+504469]
	GetHandleVerifier [0x00D0FBF0+503856]
	Ordinal0 [0x00C7C9C8+1493448]
	GetHandleVerifier [0x00D1062A+506474]
	Ordinal0 [0x00C07156+1012054]
	Ordinal0 [0x00C06FCF+1011663]
	Ordinal0 [0x00C1135B+1053531]
	Ordinal0 [0x00C114C3+1053891]
	Ordinal0 [0x00C104F5+1049845]
	BaseThreadInitThunk [0x75C66359+25]
	RtlGetAppContainerNamedObjectPath [0x77457B74+228]
	RtlGetAppContainerNamedObjectPath [0x77457B44+180]
">
      <![CDATA[org.openqa.selenium.SessionNotCreatedException: session not created: This version of ChromeDriver only supports Chrome version 75
Build info: version: '3.141.59', revision: 'e82be7d358', time: '2018-11-14T08:17:03'
System info: host: 'DESKTOP-RV3ITU9', ip: '192.168.1.94', os.name: 'Windows 10', os.arch: 'amd64', os.version: '10.0', java.version: '1.8.0_201'
Driver info: driver.version: ChromeDriver
remote stacktrace: Backtrace:
	Ordinal0 [0x00C71B43+1448771]
	Ordinal0 [0x00BF5A31+940593]
	Ordinal0 [0x00B82293+467603]
	Ordinal0 [0x00B1F27E+62078]
	Ordinal0 [0x00B1BBBD+48061]
	Ordinal0 [0x00B38D09+167177]
	Ordinal0 [0x00B388DD+166109]
	Ordinal0 [0x00B36FEB+159723]
	Ordinal0 [0x00B209F6+68086]
	Ordinal0 [0x00B21990+72080]
	Ordinal0 [0x00B21929+71977]
	GetHandleVerifier [0x00DB2E8C+1172172]
	GetHandleVerifier [0x00D0FE55+504469]
	GetHandleVerifier [0x00D0FBF0+503856]
	Ordinal0 [0x00C7C9C8+1493448]
	GetHandleVerifier [0x00D1062A+506474]
	Ordinal0 [0x00C07156+1012054]
	Ordinal0 [0x00C06FCF+1011663]
	Ordinal0 [0x00C1135B+1053531]
	Ordinal0 [0x00C114C3+1053891]
	Ordinal0 [0x00C104F5+1049845]
	BaseThreadInitThunk [0x75C66359+25]
	RtlGetAppContainerNamedObjectPath [0x77457B74+228]
	RtlGetAppContainerNamedObjectPath [0x77457B44+180]

	at sun.reflect.NativeConstructorAccessorImpl.newInstance0(Native Method)
	at sun.reflect.NativeConstructorAccessorImpl.newInstance(NativeConstructorAccessorImpl.java:62)
	at sun.reflect.DelegatingConstructorAccessorImpl.newInstance(DelegatingConstructorAccessorImpl.java:45)
	at java.lang.reflect.Constructor.newInstance(Constructor.java:423)
	at org.openqa.selenium.remote.W3CHandshakeResponse.lambda$errorHandler$0(W3CHandshakeResponse.java:62)
	at org.openqa.selenium.remote.HandshakeResponse.lambda$getResponseFunction$0(HandshakeResponse.java:30)
	at org.openqa.selenium.remote.ProtocolHandshake.lambda$createSession$0(ProtocolHandshake.java:126)
	at java.util.stream.ReferencePipeline$3$1.accept(ReferencePipeline.java:193)
	at java.util.Spliterators$ArraySpliterator.tryAdvance(Spliterators.java:958)
	at java.util.stream.ReferencePipeline.forEachWithCancel(ReferencePipeline.java:126)
	at java.util.stream.AbstractPipeline.copyIntoWithCancel(AbstractPipeline.java:498)
	at java.util.stream.AbstractPipeline.copyInto(AbstractPipeline.java:485)
	at java.util.stream.AbstractPipeline.wrapAndCopyInto(AbstractPipeline.java:471)
	at java.util.stream.FindOps$FindOp.evaluateSequential(FindOps.java:152)
	at java.util.stream.AbstractPipeline.evaluate(AbstractPipeline.java:234)
	at java.util.stream.ReferencePipeline.findFirst(ReferencePipeline.java:464)
	at org.openqa.selenium.remote.ProtocolHandshake.createSession(ProtocolHandshake.java:128)
	at org.openqa.selenium.remote.ProtocolHandshake.createSession(ProtocolHandshake.java:74)
	at org.openqa.selenium.remote.HttpCommandExecutor.execute(HttpCommandExecutor.java:136)
	at org.openqa.selenium.remote.service.DriverCommandExecutor.execute(DriverCommandExecutor.java:83)
	at org.openqa.selenium.remote.RemoteWebDriver.execute(RemoteWebDriver.java:552)
	at org.openqa.selenium.remote.RemoteWebDriver.startSession(RemoteWebDriver.java:213)
	at org.openqa.selenium.remote.RemoteWebDriver.<init>(RemoteWebDriver.java:131)
	at org.openqa.selenium.chrome.ChromeDriver.<init>(ChromeDriver.java:181)
	at org.openqa.selenium.chrome.ChromeDriver.<init>(ChromeDriver.java:168)
	at org.openqa.selenium.chrome.ChromeDriver.<init>(ChromeDriver.java:123)
	at com.ecomm.qa.base.TestBase.initialization(TestBase.java:42)
	at com.ecomm.qa.testcases.HomePageTest.setup(HomePageTest.java:25)
	at sun.reflect.NativeMethodAccessorImpl.invoke0(Native Method)
	at sun.reflect.NativeMethodAccessorImpl.invoke(NativeMethodAccessorImpl.java:62)
	at sun.reflect.DelegatingMethodAccessorImpl.invoke(DelegatingMethodAccessorImpl.java:43)
	at java.lang.reflect.Method.invoke(Method.java:498)
	at org.testng.internal.MethodInvocationHelper.invokeMethod(MethodInvocationHelper.java:108)
	at org.testng.internal.Invoker.invokeConfigurationMethod(Invoker.java:523)
	at org.testng.internal.Invoker.invokeConfigurations(Invoker.java:224)
	at org.testng.internal.Invoker.invokeMethod(Invoker.java:599)
	at org.testng.internal.Invoker.invokeTestMethod(Invoker.java:869)
	at org.testng.internal.Invoker.invokeTestMethods(Invoker.java:1193)
	at org.testng.internal.TestMethodWorker.invokeTestMethods(TestMethodWorker.java:126)
	at org.testng.internal.TestMethodWorker.run(TestMethodWorker.java:109)
	at org.testng.TestRunner.privateRun(TestRunner.java:744)
	at org.testng.TestRunner.run(TestRunner.java:602)
	at org.testng.SuiteRunner.runTest(SuiteRunner.java:380)
	at org.testng.SuiteRunner.runSequentially(SuiteRunner.java:375)
	at org.testng.SuiteRunner.privateRun(SuiteRunner.java:340)
	at org.testng.SuiteRunner.run(SuiteRunner.java:289)
	at org.testng.SuiteRunnerWorker.runSuite(SuiteRunnerWorker.java:52)
	at org.testng.SuiteRunnerWorker.run(SuiteRunnerWorker.java:86)
	at org.testng.TestNG.runSuitesSequentially(TestNG.java:1301)
	at org.testng.TestNG.runSuitesLocally(TestNG.java:1226)
	at org.testng.TestNG.runSuites(TestNG.java:1144)
	at org.testng.TestNG.run(TestNG.java:1115)
	at org.testng.remote.AbstractRemoteTestNG.run(AbstractRemoteTestNG.java:115)
	at org.testng.remote.RemoteTestNG.initAndRun(RemoteTestNG.java:251)
	at org.testng.remote.RemoteTestNG.main(RemoteTestNG.java:77)
]]>
    </failure>
  </testcase> <!-- @BeforeMethod setup -->
  <testcase name="@BeforeMethod setup" time="0.0" classname="com.ecomm.qa.testcases.HomePageTest">
    <skipped/>
  </testcase> <!-- @BeforeMethod setup -->
  <testcase name="@BeforeMethod setup" time="0.0" classname="com.ecomm.qa.testcases.HomePageTest">
    <skipped/>
  </testcase> <!-- @BeforeMethod setup -->
  <testcase name="@BeforeMethod setup" time="0.0" classname="com.ecomm.qa.testcases.HomePageTest">
    <skipped/>
  </testcase> <!-- @BeforeMethod setup -->
  <testcase name="@BeforeMethod setup" time="0.0" classname="com.ecomm.qa.testcases.HomePageTest">
    <skipped/>
  </testcase> <!-- @BeforeMethod setup -->
  <testcase name="@BeforeMethod setup" time="0.0" classname="com.ecomm.qa.testcases.HomePageTest">
    <skipped/>
  </testcase> <!-- @BeforeMethod setup -->
  <testcase name="validateTitleTest" time="0.002" classname="com.ecomm.qa.testcases.HomePageTest">
    <skipped/>
  </testcase> <!-- validateTitleTest -->
  <testcase name="checklogoimgTest" time="0.0" classname="com.ecomm.qa.testcases.HomePageTest">
    <skipped/>
  </testcase> <!-- checklogoimgTest -->
  <testcase name="validateTitleJSTest" time="0.0" classname="com.ecomm.qa.testcases.HomePageTest">
    <skipped/>
  </testcase> <!-- validateTitleJSTest -->
  <testcase name="dropdownSelectionTest" time="0.0" classname="com.ecomm.qa.testcases.HomePageTest">
    <skipped/>
  </testcase> <!-- dropdownSelectionTest -->
  <testcase name="ChangeDeliveryLocTest" time="0.0" classname="com.ecomm.qa.testcases.HomePageTest">
    <skipped/>
  </testcase> <!-- ChangeDeliveryLocTest -->
  <testcase name="SelectitemLeftMenuTest" time="0.0" classname="com.ecomm.qa.testcases.HomePageTest">
    <skipped/>
  </testcase> <!-- SelectitemLeftMenuTest -->
</testsuite> <!-- Default test -->
